<?xml version="1.0" encoding="UTF-8"?>
<testng-results ignored="0" total="1" passed="1" failed="0" skipped="0">
  <reporter-output>
  </reporter-output>
  <suite started-at="2020-12-04T16:42:55 IST" name="Default suite" finished-at="2020-12-04T16:42:57 IST" duration-ms="2150">
    <groups>
    </groups>
    <test started-at="2020-12-04T16:42:55 IST" name="Default test" finished-at="2020-12-04T16:42:57 IST" duration-ms="2150">
      <class name="Desearialization">
        <test-method signature="DeTest()[pri:0, instance:Desearialization@309e345f]" started-at="2020-12-04T16:42:55 IST" name="DeTest" finished-at="2020-12-04T16:42:57 IST" duration-ms="2122" status="PASS">
          <reporter-output>
          </reporter-output>
        </test-method> <!-- DeTest -->
      </class> <!-- Desearialization -->
    </test> <!-- Default test -->
  </suite> <!-- Default suite -->
</testng-results>
